2017-11-30 07:29:47.1348|INFO|Microsoft.EntityFrameworkCore.Database.Command|Executed DbCommand (1ms) [Parameters=[], CommandType='Text', CommandTimeout='30']
SELECT CASE
    WHEN EXISTS (
        SELECT 1
        FROM [Cities] AS [c])
    THEN CAST(1 AS BIT) ELSE CAST(0 AS BIT)
END
2017-11-30 07:31:35.5756|INFO|Microsoft.AspNetCore.Hosting.Internal.WebHost|Request starting HTTP/1.1 GET http://localhost:5000/api/cities  
2017-11-30 07:31:36.0536|INFO|Microsoft.EntityFrameworkCore.Infrastructure|Entity Framework Core 2.0.1-rtm-125 initialized 'CityInfoContext' using provider 'Microsoft.EntityFrameworkCore.SqlServer' with options: None
2017-11-30 07:31:36.0586|INFO|Microsoft.EntityFrameworkCore.Database.Command|Executed DbCommand (2ms) [Parameters=[], CommandType='Text', CommandTimeout='30']
SELECT OBJECT_ID(N'__EFMigrationsHistory');
2017-11-30 07:31:36.0586|INFO|Microsoft.EntityFrameworkCore.Database.Command|Executed DbCommand (1ms) [Parameters=[], CommandType='Text', CommandTimeout='30']
SELECT OBJECT_ID(N'__EFMigrationsHistory');
2017-11-30 07:31:36.0586|INFO|Microsoft.EntityFrameworkCore.Database.Command|Executed DbCommand (1ms) [Parameters=[], CommandType='Text', CommandTimeout='30']
SELECT [MigrationId], [ProductVersion]
FROM [__EFMigrationsHistory]
ORDER BY [MigrationId];
2017-11-30 07:31:36.0586|INFO|Microsoft.EntityFrameworkCore.Migrations|No migrations were applied. The database is already up to date.
2017-11-30 07:31:36.0757|INFO|Microsoft.AspNetCore.Mvc.Internal.ControllerActionInvoker|Executing action method CityInfo.API.Controllers.CitiesController.GetCities (CityInfo) with arguments ((null)) - ModelState is Valid
2017-11-30 07:31:36.1197|INFO|Microsoft.EntityFrameworkCore.Database.Command|Executed DbCommand (2ms) [Parameters=[], CommandType='Text', CommandTimeout='30']
SELECT [c].[Id], [c].[Description], [c].[Name]
FROM [Cities] AS [c]
ORDER BY [c].[Name]
2017-11-30 07:31:36.3917|INFO|Microsoft.AspNetCore.Mvc.Internal.ObjectResultExecutor|Executing ObjectResult, writing value Microsoft.AspNetCore.Mvc.ControllerContext.
2017-11-30 07:31:36.7747|INFO|Microsoft.AspNetCore.Mvc.Internal.ControllerActionInvoker|Executed action CityInfo.API.Controllers.CitiesController.GetCities (CityInfo) in 717.7987ms
2017-11-30 07:31:36.7747|INFO|Microsoft.AspNetCore.Hosting.Internal.WebHost|Request finished in 1203.8713ms 200 application/json; charset=utf-8
2017-11-30 07:42:40.5701|INFO|Microsoft.EntityFrameworkCore.Database.Command|Executed DbCommand (1ms) [Parameters=[], CommandType='Text', CommandTimeout='30']
SELECT CASE
    WHEN EXISTS (
        SELECT 1
        FROM [Cities] AS [c])
    THEN CAST(1 AS BIT) ELSE CAST(0 AS BIT)
END
2017-11-30 07:44:44.5845|INFO|Microsoft.EntityFrameworkCore.Database.Command|Executed DbCommand (1ms) [Parameters=[], CommandType='Text', CommandTimeout='30']
SELECT CASE
    WHEN EXISTS (
        SELECT 1
        FROM [Cities] AS [c])
    THEN CAST(1 AS BIT) ELSE CAST(0 AS BIT)
END
2017-11-30 07:45:54.8685|INFO|Microsoft.AspNetCore.Hosting.Internal.WebHost|Request starting HTTP/1.1 GET http://localhost:5000/api/cities/1  
2017-11-30 07:45:55.1926|INFO|Microsoft.EntityFrameworkCore.Infrastructure|Entity Framework Core 2.0.1-rtm-125 initialized 'CityInfoContext' using provider 'Microsoft.EntityFrameworkCore.SqlServer' with options: None
2017-11-30 07:45:55.1926|INFO|Microsoft.EntityFrameworkCore.Database.Command|Executed DbCommand (2ms) [Parameters=[], CommandType='Text', CommandTimeout='30']
SELECT OBJECT_ID(N'__EFMigrationsHistory');
2017-11-30 07:45:55.1926|INFO|Microsoft.EntityFrameworkCore.Database.Command|Executed DbCommand (1ms) [Parameters=[], CommandType='Text', CommandTimeout='30']
SELECT OBJECT_ID(N'__EFMigrationsHistory');
2017-11-30 07:45:55.1926|INFO|Microsoft.EntityFrameworkCore.Database.Command|Executed DbCommand (1ms) [Parameters=[], CommandType='Text', CommandTimeout='30']
SELECT [MigrationId], [ProductVersion]
FROM [__EFMigrationsHistory]
ORDER BY [MigrationId];
2017-11-30 07:45:55.2046|INFO|Microsoft.EntityFrameworkCore.Migrations|No migrations were applied. The database is already up to date.
2017-11-30 07:45:55.2726|INFO|Microsoft.AspNetCore.Mvc.Internal.ControllerActionInvoker|Executing action method CityInfo.API.Controllers.CitiesController.GetCity (CityInfo) with arguments (1, False) - ModelState is Valid
2017-11-30 07:45:55.4556|INFO|Microsoft.EntityFrameworkCore.Database.Command|Executed DbCommand (115ms) [Parameters=[@__cityId_0='?'], CommandType='Text', CommandTimeout='30']
SELECT TOP(1) [c].[Id], [c].[Description], [c].[Name]
FROM [Cities] AS [c]
WHERE [c].[Id] = @__cityId_0
2017-11-30 07:45:55.5786|INFO|Microsoft.AspNetCore.Mvc.Internal.ObjectResultExecutor|Executing ObjectResult, writing value Microsoft.AspNetCore.Mvc.ControllerContext.
2017-11-30 07:45:55.8196|INFO|Microsoft.AspNetCore.Mvc.Internal.ControllerActionInvoker|Executed action CityInfo.API.Controllers.CitiesController.GetCity (CityInfo) in 618.3232ms
2017-11-30 07:45:55.8356|INFO|Microsoft.AspNetCore.Hosting.Internal.WebHost|Request finished in 967.097ms 200 application/json; charset=utf-8
2017-11-30 07:46:15.9456|INFO|Microsoft.AspNetCore.Hosting.Internal.WebHost|Request starting HTTP/1.1 GET http://localhost:5000/api/cities/1?includePointsOfInterest=true  
2017-11-30 07:46:15.9456|INFO|Microsoft.EntityFrameworkCore.Infrastructure|Entity Framework Core 2.0.1-rtm-125 initialized 'CityInfoContext' using provider 'Microsoft.EntityFrameworkCore.SqlServer' with options: None
2017-11-30 07:46:15.9456|INFO|Microsoft.EntityFrameworkCore.Database.Command|Executed DbCommand (2ms) [Parameters=[], CommandType='Text', CommandTimeout='30']
SELECT OBJECT_ID(N'__EFMigrationsHistory');
2017-11-30 07:46:15.9556|INFO|Microsoft.EntityFrameworkCore.Database.Command|Executed DbCommand (1ms) [Parameters=[], CommandType='Text', CommandTimeout='30']
SELECT OBJECT_ID(N'__EFMigrationsHistory');
2017-11-30 07:46:15.9556|INFO|Microsoft.EntityFrameworkCore.Database.Command|Executed DbCommand (1ms) [Parameters=[], CommandType='Text', CommandTimeout='30']
SELECT [MigrationId], [ProductVersion]
FROM [__EFMigrationsHistory]
ORDER BY [MigrationId];
2017-11-30 07:46:15.9556|INFO|Microsoft.EntityFrameworkCore.Migrations|No migrations were applied. The database is already up to date.
2017-11-30 07:46:15.9556|INFO|Microsoft.AspNetCore.Mvc.Internal.ControllerActionInvoker|Executing action method CityInfo.API.Controllers.CitiesController.GetCity (CityInfo) with arguments (1, True) - ModelState is Valid
2017-11-30 07:46:16.0366|INFO|Microsoft.EntityFrameworkCore.Database.Command|Executed DbCommand (2ms) [Parameters=[@__cityId_0='?'], CommandType='Text', CommandTimeout='30']
SELECT TOP(1) [c].[Id], [c].[Description], [c].[Name]
FROM [Cities] AS [c]
WHERE [c].[Id] = @__cityId_0
ORDER BY [c].[Id]
2017-11-30 07:46:16.0556|INFO|Microsoft.EntityFrameworkCore.Database.Command|Executed DbCommand (3ms) [Parameters=[@__cityId_0='?'], CommandType='Text', CommandTimeout='30']
SELECT [c.pointOfInterest].[Id], [c.pointOfInterest].[CityId], [c.pointOfInterest].[Description], [c.pointOfInterest].[Name]
FROM [PointsOfInterest] AS [c.pointOfInterest]
INNER JOIN (
    SELECT TOP(1) [c0].[Id]
    FROM [Cities] AS [c0]
    WHERE [c0].[Id] = @__cityId_0
    ORDER BY [c0].[Id]
) AS [t] ON [c.pointOfInterest].[CityId] = [t].[Id]
ORDER BY [t].[Id]
2017-11-30 07:46:16.0716|INFO|Microsoft.AspNetCore.Mvc.Internal.ObjectResultExecutor|Executing ObjectResult, writing value Microsoft.AspNetCore.Mvc.ControllerContext.
2017-11-30 07:46:16.0716|INFO|Microsoft.AspNetCore.Mvc.Internal.ControllerActionInvoker|Executed action CityInfo.API.Controllers.CitiesController.GetCity (CityInfo) in 125.6263ms
2017-11-30 07:46:16.0716|INFO|Microsoft.AspNetCore.Hosting.Internal.WebHost|Request finished in 128.3858ms 200 application/json; charset=utf-8
2017-11-30 07:46:59.5240|INFO|Microsoft.AspNetCore.Hosting.Internal.WebHost|Request starting HTTP/1.1 GET http://localhost:5000/api/cities  
2017-11-30 07:46:59.5460|INFO|Microsoft.EntityFrameworkCore.Infrastructure|Entity Framework Core 2.0.1-rtm-125 initialized 'CityInfoContext' using provider 'Microsoft.EntityFrameworkCore.SqlServer' with options: None
2017-11-30 07:46:59.5460|INFO|Microsoft.EntityFrameworkCore.Database.Command|Executed DbCommand (2ms) [Parameters=[], CommandType='Text', CommandTimeout='30']
SELECT OBJECT_ID(N'__EFMigrationsHistory');
2017-11-30 07:46:59.5460|INFO|Microsoft.EntityFrameworkCore.Database.Command|Executed DbCommand (1ms) [Parameters=[], CommandType='Text', CommandTimeout='30']
SELECT OBJECT_ID(N'__EFMigrationsHistory');
2017-11-30 07:46:59.5460|INFO|Microsoft.EntityFrameworkCore.Database.Command|Executed DbCommand (1ms) [Parameters=[], CommandType='Text', CommandTimeout='30']
SELECT [MigrationId], [ProductVersion]
FROM [__EFMigrationsHistory]
ORDER BY [MigrationId];
2017-11-30 07:46:59.5460|INFO|Microsoft.EntityFrameworkCore.Migrations|No migrations were applied. The database is already up to date.
2017-11-30 07:46:59.5460|INFO|Microsoft.AspNetCore.Mvc.Internal.ControllerActionInvoker|Executing action method CityInfo.API.Controllers.CitiesController.GetCities (CityInfo) with arguments ((null)) - ModelState is Valid
2017-11-30 07:46:59.5700|INFO|Microsoft.EntityFrameworkCore.Database.Command|Executed DbCommand (1ms) [Parameters=[], CommandType='Text', CommandTimeout='30']
SELECT [c].[Id], [c].[Description], [c].[Name]
FROM [Cities] AS [c]
ORDER BY [c].[Name]
2017-11-30 07:46:59.5980|INFO|Microsoft.AspNetCore.Mvc.Internal.ObjectResultExecutor|Executing ObjectResult, writing value Microsoft.AspNetCore.Mvc.ControllerContext.
2017-11-30 07:46:59.5980|INFO|Microsoft.AspNetCore.Mvc.Internal.ControllerActionInvoker|Executed action CityInfo.API.Controllers.CitiesController.GetCities (CityInfo) in 56.7347ms
2017-11-30 07:46:59.5980|INFO|Microsoft.AspNetCore.Hosting.Internal.WebHost|Request finished in 78.9543ms 200 application/json; charset=utf-8
2017-11-30 07:49:22.2523|INFO|Microsoft.AspNetCore.Hosting.Internal.WebHost|Request starting HTTP/1.1 GET http://localhost:5000/api/cities/1?includePointsOfInterest=true  
2017-11-30 07:49:22.2783|INFO|Microsoft.EntityFrameworkCore.Infrastructure|Entity Framework Core 2.0.1-rtm-125 initialized 'CityInfoContext' using provider 'Microsoft.EntityFrameworkCore.SqlServer' with options: None
2017-11-30 07:49:22.2783|INFO|Microsoft.EntityFrameworkCore.Database.Command|Executed DbCommand (1ms) [Parameters=[], CommandType='Text', CommandTimeout='30']
SELECT OBJECT_ID(N'__EFMigrationsHistory');
2017-11-30 07:49:22.2783|INFO|Microsoft.EntityFrameworkCore.Database.Command|Executed DbCommand (1ms) [Parameters=[], CommandType='Text', CommandTimeout='30']
SELECT OBJECT_ID(N'__EFMigrationsHistory');
2017-11-30 07:49:22.2783|INFO|Microsoft.EntityFrameworkCore.Database.Command|Executed DbCommand (1ms) [Parameters=[], CommandType='Text', CommandTimeout='30']
SELECT [MigrationId], [ProductVersion]
FROM [__EFMigrationsHistory]
ORDER BY [MigrationId];
2017-11-30 07:49:22.2783|INFO|Microsoft.EntityFrameworkCore.Migrations|No migrations were applied. The database is already up to date.
2017-11-30 07:49:22.2783|INFO|Microsoft.AspNetCore.Mvc.Internal.ControllerActionInvoker|Executing action method CityInfo.API.Controllers.CitiesController.GetCity (CityInfo) with arguments (1, True) - ModelState is Valid
2017-11-30 07:49:22.2933|INFO|Microsoft.EntityFrameworkCore.Database.Command|Executed DbCommand (1ms) [Parameters=[@__cityId_0='?'], CommandType='Text', CommandTimeout='30']
SELECT TOP(1) [c].[Id], [c].[Description], [c].[Name]
FROM [Cities] AS [c]
WHERE [c].[Id] = @__cityId_0
ORDER BY [c].[Id]
2017-11-30 07:49:22.2933|INFO|Microsoft.EntityFrameworkCore.Database.Command|Executed DbCommand (1ms) [Parameters=[@__cityId_0='?'], CommandType='Text', CommandTimeout='30']
SELECT [c.pointOfInterest].[Id], [c.pointOfInterest].[CityId], [c.pointOfInterest].[Description], [c.pointOfInterest].[Name]
FROM [PointsOfInterest] AS [c.pointOfInterest]
INNER JOIN (
    SELECT TOP(1) [c0].[Id]
    FROM [Cities] AS [c0]
    WHERE [c0].[Id] = @__cityId_0
    ORDER BY [c0].[Id]
) AS [t] ON [c.pointOfInterest].[CityId] = [t].[Id]
ORDER BY [t].[Id]
2017-11-30 07:49:22.2933|INFO|Microsoft.AspNetCore.Mvc.Internal.ObjectResultExecutor|Executing ObjectResult, writing value Microsoft.AspNetCore.Mvc.ControllerContext.
2017-11-30 07:49:22.2933|INFO|Microsoft.AspNetCore.Mvc.Internal.ControllerActionInvoker|Executed action CityInfo.API.Controllers.CitiesController.GetCity (CityInfo) in 21.0036ms
2017-11-30 07:49:22.2933|INFO|Microsoft.AspNetCore.Hosting.Internal.WebHost|Request finished in 46.8914ms 200 application/json; charset=utf-8
2017-11-30 07:49:48.8929|INFO|Microsoft.AspNetCore.Hosting.Internal.WebHost|Request starting HTTP/1.1 GET http://localhost:5000/api/cities  
2017-11-30 07:49:48.8929|INFO|Microsoft.EntityFrameworkCore.Infrastructure|Entity Framework Core 2.0.1-rtm-125 initialized 'CityInfoContext' using provider 'Microsoft.EntityFrameworkCore.SqlServer' with options: None
2017-11-30 07:49:48.8929|INFO|Microsoft.EntityFrameworkCore.Database.Command|Executed DbCommand (2ms) [Parameters=[], CommandType='Text', CommandTimeout='30']
SELECT OBJECT_ID(N'__EFMigrationsHistory');
2017-11-30 07:49:48.8929|INFO|Microsoft.EntityFrameworkCore.Database.Command|Executed DbCommand (1ms) [Parameters=[], CommandType='Text', CommandTimeout='30']
SELECT OBJECT_ID(N'__EFMigrationsHistory');
2017-11-30 07:49:48.9049|INFO|Microsoft.EntityFrameworkCore.Database.Command|Executed DbCommand (1ms) [Parameters=[], CommandType='Text', CommandTimeout='30']
SELECT [MigrationId], [ProductVersion]
FROM [__EFMigrationsHistory]
ORDER BY [MigrationId];
2017-11-30 07:49:48.9049|INFO|Microsoft.EntityFrameworkCore.Migrations|No migrations were applied. The database is already up to date.
2017-11-30 07:49:48.9049|INFO|Microsoft.AspNetCore.Mvc.Internal.ControllerActionInvoker|Executing action method CityInfo.API.Controllers.CitiesController.GetCities (CityInfo) with arguments ((null)) - ModelState is Valid
2017-11-30 07:49:48.9049|INFO|Microsoft.EntityFrameworkCore.Database.Command|Executed DbCommand (1ms) [Parameters=[], CommandType='Text', CommandTimeout='30']
SELECT [c].[Id], [c].[Description], [c].[Name]
FROM [Cities] AS [c]
ORDER BY [c].[Name]
2017-11-30 07:49:48.9049|INFO|Microsoft.AspNetCore.Mvc.Internal.ObjectResultExecutor|Executing ObjectResult, writing value Microsoft.AspNetCore.Mvc.ControllerContext.
2017-11-30 07:49:48.9049|INFO|Microsoft.AspNetCore.Mvc.Internal.ControllerActionInvoker|Executed action CityInfo.API.Controllers.CitiesController.GetCities (CityInfo) in 18.1437ms
2017-11-30 07:49:48.9049|INFO|Microsoft.AspNetCore.Hosting.Internal.WebHost|Request finished in 20.5506ms 200 application/json; charset=utf-8
2017-11-30 07:52:50.6281|INFO|Microsoft.EntityFrameworkCore.Database.Command|Executed DbCommand (1ms) [Parameters=[], CommandType='Text', CommandTimeout='30']
SELECT CASE
    WHEN EXISTS (
        SELECT 1
        FROM [Cities] AS [c])
    THEN CAST(1 AS BIT) ELSE CAST(0 AS BIT)
END
2017-11-30 07:53:01.9862|INFO|Microsoft.AspNetCore.Hosting.Internal.WebHost|Request starting HTTP/1.1 GET http://localhost:5000/api/cities/1  
2017-11-30 07:53:02.2653|INFO|Microsoft.EntityFrameworkCore.Infrastructure|Entity Framework Core 2.0.1-rtm-125 initialized 'CityInfoContext' using provider 'Microsoft.EntityFrameworkCore.SqlServer' with options: None
2017-11-30 07:53:02.2653|INFO|Microsoft.EntityFrameworkCore.Database.Command|Executed DbCommand (2ms) [Parameters=[], CommandType='Text', CommandTimeout='30']
SELECT OBJECT_ID(N'__EFMigrationsHistory');
2017-11-30 07:53:02.2653|INFO|Microsoft.EntityFrameworkCore.Database.Command|Executed DbCommand (1ms) [Parameters=[], CommandType='Text', CommandTimeout='30']
SELECT OBJECT_ID(N'__EFMigrationsHistory');
2017-11-30 07:53:02.2653|INFO|Microsoft.EntityFrameworkCore.Database.Command|Executed DbCommand (1ms) [Parameters=[], CommandType='Text', CommandTimeout='30']
SELECT [MigrationId], [ProductVersion]
FROM [__EFMigrationsHistory]
ORDER BY [MigrationId];
2017-11-30 07:53:02.2763|INFO|Microsoft.EntityFrameworkCore.Migrations|No migrations were applied. The database is already up to date.
2017-11-30 07:53:02.3173|INFO|Microsoft.AspNetCore.Mvc.Internal.ControllerActionInvoker|Executing action method CityInfo.API.Controllers.CitiesController.GetCity (CityInfo) with arguments (1, False) - ModelState is Valid
2017-11-30 07:53:02.5163|INFO|Microsoft.EntityFrameworkCore.Database.Command|Executed DbCommand (139ms) [Parameters=[@__cityId_0='?'], CommandType='Text', CommandTimeout='30']
SELECT TOP(1) [c].[Id], [c].[Description], [c].[Name]
FROM [Cities] AS [c]
WHERE [c].[Id] = @__cityId_0
2017-11-30 07:53:02.5773|INFO|Microsoft.AspNetCore.Mvc.Internal.ObjectResultExecutor|Executing ObjectResult, writing value Microsoft.AspNetCore.Mvc.ControllerContext.
2017-11-30 07:53:02.7573|INFO|Microsoft.AspNetCore.Mvc.Internal.ControllerActionInvoker|Executed action CityInfo.API.Controllers.CitiesController.GetCity (CityInfo) in 492.0927ms
2017-11-30 07:53:02.7613|INFO|Microsoft.AspNetCore.Hosting.Internal.WebHost|Request finished in 774.7364ms 200 application/json; charset=utf-8
2017-11-30 07:53:47.9368|INFO|Microsoft.AspNetCore.Hosting.Internal.WebHost|Request starting HTTP/1.1 GET http://localhost:5000/api/cities/1?includePointsOfInterest=true  
2017-11-30 07:53:47.9398|INFO|Microsoft.EntityFrameworkCore.Infrastructure|Entity Framework Core 2.0.1-rtm-125 initialized 'CityInfoContext' using provider 'Microsoft.EntityFrameworkCore.SqlServer' with options: None
2017-11-30 07:53:47.9398|INFO|Microsoft.EntityFrameworkCore.Database.Command|Executed DbCommand (2ms) [Parameters=[], CommandType='Text', CommandTimeout='30']
SELECT OBJECT_ID(N'__EFMigrationsHistory');
2017-11-30 07:53:47.9568|INFO|Microsoft.EntityFrameworkCore.Database.Command|Executed DbCommand (13ms) [Parameters=[], CommandType='Text', CommandTimeout='30']
SELECT OBJECT_ID(N'__EFMigrationsHistory');
2017-11-30 07:53:47.9568|INFO|Microsoft.EntityFrameworkCore.Database.Command|Executed DbCommand (1ms) [Parameters=[], CommandType='Text', CommandTimeout='30']
SELECT [MigrationId], [ProductVersion]
FROM [__EFMigrationsHistory]
ORDER BY [MigrationId];
2017-11-30 07:53:47.9568|INFO|Microsoft.EntityFrameworkCore.Migrations|No migrations were applied. The database is already up to date.
2017-11-30 07:53:47.9568|INFO|Microsoft.AspNetCore.Mvc.Internal.ControllerActionInvoker|Executing action method CityInfo.API.Controllers.CitiesController.GetCity (CityInfo) with arguments (1, True) - ModelState is Valid
2017-11-30 07:53:48.0308|INFO|Microsoft.EntityFrameworkCore.Database.Command|Executed DbCommand (1ms) [Parameters=[@__cityId_0='?'], CommandType='Text', CommandTimeout='30']
SELECT TOP(1) [c].[Id], [c].[Description], [c].[Name]
FROM [Cities] AS [c]
WHERE [c].[Id] = @__cityId_0
ORDER BY [c].[Id]
2017-11-30 07:53:48.0438|INFO|Microsoft.EntityFrameworkCore.Database.Command|Executed DbCommand (1ms) [Parameters=[@__cityId_0='?'], CommandType='Text', CommandTimeout='30']
SELECT [c.pointOfInterest].[Id], [c.pointOfInterest].[CityId], [c.pointOfInterest].[Description], [c.pointOfInterest].[Name]
FROM [PointsOfInterest] AS [c.pointOfInterest]
INNER JOIN (
    SELECT TOP(1) [c0].[Id]
    FROM [Cities] AS [c0]
    WHERE [c0].[Id] = @__cityId_0
    ORDER BY [c0].[Id]
) AS [t] ON [c.pointOfInterest].[CityId] = [t].[Id]
ORDER BY [t].[Id]
2017-11-30 07:53:48.0618|INFO|Microsoft.AspNetCore.Mvc.Internal.ObjectResultExecutor|Executing ObjectResult, writing value Microsoft.AspNetCore.Mvc.ControllerContext.
2017-11-30 07:53:48.0948|INFO|Microsoft.AspNetCore.Mvc.Internal.ControllerActionInvoker|Executed action CityInfo.API.Controllers.CitiesController.GetCity (CityInfo) in 156.0076ms
2017-11-30 07:53:48.0958|INFO|Microsoft.AspNetCore.Hosting.Internal.WebHost|Request finished in 158.7111ms 200 application/json; charset=utf-8
2017-11-30 08:03:28.5859|INFO|Microsoft.EntityFrameworkCore.Database.Command|Executed DbCommand (3ms) [Parameters=[], CommandType='Text', CommandTimeout='30']
SELECT CASE
    WHEN EXISTS (
        SELECT 1
        FROM [Cities] AS [c])
    THEN CAST(1 AS BIT) ELSE CAST(0 AS BIT)
END
2017-11-30 08:03:38.6099|INFO|Microsoft.AspNetCore.Hosting.Internal.WebHost|Request starting HTTP/1.1 GET http://localhost:5000/  
2017-11-30 08:03:39.2089|INFO|Microsoft.AspNetCore.Hosting.Internal.WebHost|Request finished in 527.721ms 404 text/plain
2017-11-30 08:04:11.9272|INFO|Microsoft.AspNetCore.Hosting.Internal.WebHost|Request starting HTTP/1.1 GET http://localhost:5000/api/cities/1?includePointsOfInterest=true  
2017-11-30 08:04:12.1762|INFO|Microsoft.EntityFrameworkCore.Infrastructure|Entity Framework Core 2.0.1-rtm-125 initialized 'CityInfoContext' using provider 'Microsoft.EntityFrameworkCore.SqlServer' with options: None
2017-11-30 08:04:12.2052|INFO|Microsoft.EntityFrameworkCore.Database.Command|Executed DbCommand (2ms) [Parameters=[], CommandType='Text', CommandTimeout='30']
SELECT OBJECT_ID(N'__EFMigrationsHistory');
2017-11-30 08:04:12.2833|INFO|Microsoft.EntityFrameworkCore.Database.Command|Executed DbCommand (1ms) [Parameters=[], CommandType='Text', CommandTimeout='30']
SELECT OBJECT_ID(N'__EFMigrationsHistory');
2017-11-30 08:04:12.2833|INFO|Microsoft.EntityFrameworkCore.Database.Command|Executed DbCommand (1ms) [Parameters=[], CommandType='Text', CommandTimeout='30']
SELECT [MigrationId], [ProductVersion]
FROM [__EFMigrationsHistory]
ORDER BY [MigrationId];
2017-11-30 08:04:12.3033|INFO|Microsoft.EntityFrameworkCore.Migrations|No migrations were applied. The database is already up to date.
2017-11-30 08:04:12.3793|INFO|Microsoft.AspNetCore.Mvc.Internal.ControllerActionInvoker|Executing action method CityInfo.API.Controllers.CitiesController.GetCity (CityInfo) with arguments (1, True) - ModelState is Valid
2017-11-30 08:04:25.7006|INFO|Microsoft.EntityFrameworkCore.Database.Command|Executed DbCommand (48ms) [Parameters=[@__cityId_0='?'], CommandType='Text', CommandTimeout='30']
SELECT TOP(1) [c].[Id], [c].[Description], [c].[Name]
FROM [Cities] AS [c]
WHERE [c].[Id] = @__cityId_0
ORDER BY [c].[Id]
2017-11-30 08:04:30.0010|INFO|Microsoft.EntityFrameworkCore.Database.Command|Executed DbCommand (1ms) [Parameters=[@__cityId_0='?'], CommandType='Text', CommandTimeout='30']
SELECT [c.pointOfInterest].[Id], [c.pointOfInterest].[CityId], [c.pointOfInterest].[Description], [c.pointOfInterest].[Name]
FROM [PointsOfInterest] AS [c.pointOfInterest]
INNER JOIN (
    SELECT TOP(1) [c0].[Id]
    FROM [Cities] AS [c0]
    WHERE [c0].[Id] = @__cityId_0
    ORDER BY [c0].[Id]
) AS [t] ON [c.pointOfInterest].[CityId] = [t].[Id]
ORDER BY [t].[Id]
2017-11-30 08:10:46.7267|INFO|Microsoft.EntityFrameworkCore.Database.Command|Executed DbCommand (1ms) [Parameters=[], CommandType='Text', CommandTimeout='30']
SELECT CASE
    WHEN EXISTS (
        SELECT 1
        FROM [Cities] AS [c])
    THEN CAST(1 AS BIT) ELSE CAST(0 AS BIT)
END
2017-11-30 08:11:28.9579|INFO|Microsoft.AspNetCore.Hosting.Internal.WebHost|Request starting HTTP/1.1 GET http://localhost:5000/api/cities/1?includePointsOfInterest=true  
2017-11-30 08:11:29.2529|INFO|Microsoft.EntityFrameworkCore.Infrastructure|Entity Framework Core 2.0.1-rtm-125 initialized 'CityInfoContext' using provider 'Microsoft.EntityFrameworkCore.SqlServer' with options: None
2017-11-30 08:11:29.2689|INFO|Microsoft.EntityFrameworkCore.Database.Command|Executed DbCommand (2ms) [Parameters=[], CommandType='Text', CommandTimeout='30']
SELECT OBJECT_ID(N'__EFMigrationsHistory');
2017-11-30 08:11:29.2689|INFO|Microsoft.EntityFrameworkCore.Database.Command|Executed DbCommand (1ms) [Parameters=[], CommandType='Text', CommandTimeout='30']
SELECT OBJECT_ID(N'__EFMigrationsHistory');
2017-11-30 08:11:29.2749|INFO|Microsoft.EntityFrameworkCore.Database.Command|Executed DbCommand (1ms) [Parameters=[], CommandType='Text', CommandTimeout='30']
SELECT [MigrationId], [ProductVersion]
FROM [__EFMigrationsHistory]
ORDER BY [MigrationId];
2017-11-30 08:11:29.2749|INFO|Microsoft.EntityFrameworkCore.Migrations|No migrations were applied. The database is already up to date.
2017-11-30 08:11:29.3590|INFO|Microsoft.AspNetCore.Mvc.Internal.ControllerActionInvoker|Executing action method CityInfo.API.Controllers.CitiesController.GetCity (CityInfo) with arguments (1, True) - ModelState is Valid
2017-11-30 08:11:29.7670|INFO|Microsoft.EntityFrameworkCore.Database.Command|Executed DbCommand (36ms) [Parameters=[@__cityId_0='?'], CommandType='Text', CommandTimeout='30']
SELECT TOP(1) [c].[Id], [c].[Description], [c].[Name]
FROM [Cities] AS [c]
WHERE [c].[Id] = @__cityId_0
ORDER BY [c].[Id]
2017-11-30 08:11:29.8100|INFO|Microsoft.EntityFrameworkCore.Database.Command|Executed DbCommand (1ms) [Parameters=[@__cityId_0='?'], CommandType='Text', CommandTimeout='30']
SELECT [c.pointOfInterest].[Id], [c.pointOfInterest].[CityId], [c.pointOfInterest].[Description], [c.pointOfInterest].[Name]
FROM [PointsOfInterest] AS [c.pointOfInterest]
INNER JOIN (
    SELECT TOP(1) [c0].[Id]
    FROM [Cities] AS [c0]
    WHERE [c0].[Id] = @__cityId_0
    ORDER BY [c0].[Id]
) AS [t] ON [c.pointOfInterest].[CityId] = [t].[Id]
ORDER BY [t].[Id]
2017-11-30 08:11:29.8650|INFO|Microsoft.AspNetCore.Mvc.Internal.ObjectResultExecutor|Executing ObjectResult, writing value Microsoft.AspNetCore.Mvc.ControllerContext.
2017-11-30 08:11:30.1680|INFO|Microsoft.AspNetCore.Mvc.Internal.ControllerActionInvoker|Executed action CityInfo.API.Controllers.CitiesController.GetCity (CityInfo) in 895.4617ms
2017-11-30 08:11:30.1680|INFO|Microsoft.AspNetCore.Hosting.Internal.WebHost|Request finished in 1215.051ms 200 application/json; charset=utf-8
2017-11-30 08:12:01.8372|INFO|Microsoft.AspNetCore.Hosting.Internal.WebHost|Request starting HTTP/1.1 GET http://localhost:5000/api/cities/2?includePointsOfInterest=true  
2017-11-30 08:12:01.8372|INFO|Microsoft.EntityFrameworkCore.Infrastructure|Entity Framework Core 2.0.1-rtm-125 initialized 'CityInfoContext' using provider 'Microsoft.EntityFrameworkCore.SqlServer' with options: None
2017-11-30 08:12:01.8372|INFO|Microsoft.EntityFrameworkCore.Database.Command|Executed DbCommand (1ms) [Parameters=[], CommandType='Text', CommandTimeout='30']
SELECT OBJECT_ID(N'__EFMigrationsHistory');
2017-11-30 08:12:01.8372|INFO|Microsoft.EntityFrameworkCore.Database.Command|Executed DbCommand (1ms) [Parameters=[], CommandType='Text', CommandTimeout='30']
SELECT OBJECT_ID(N'__EFMigrationsHistory');
2017-11-30 08:12:01.8492|INFO|Microsoft.EntityFrameworkCore.Database.Command|Executed DbCommand (1ms) [Parameters=[], CommandType='Text', CommandTimeout='30']
SELECT [MigrationId], [ProductVersion]
FROM [__EFMigrationsHistory]
ORDER BY [MigrationId];
2017-11-30 08:12:01.8492|INFO|Microsoft.EntityFrameworkCore.Migrations|No migrations were applied. The database is already up to date.
2017-11-30 08:12:01.8492|INFO|Microsoft.AspNetCore.Mvc.Internal.ControllerActionInvoker|Executing action method CityInfo.API.Controllers.CitiesController.GetCity (CityInfo) with arguments (2, True) - ModelState is Valid
2017-11-30 08:12:01.8492|INFO|Microsoft.EntityFrameworkCore.Database.Command|Executed DbCommand (1ms) [Parameters=[@__cityId_0='?'], CommandType='Text', CommandTimeout='30']
SELECT TOP(1) [c].[Id], [c].[Description], [c].[Name]
FROM [Cities] AS [c]
WHERE [c].[Id] = @__cityId_0
ORDER BY [c].[Id]
2017-11-30 08:12:01.8492|INFO|Microsoft.EntityFrameworkCore.Database.Command|Executed DbCommand (1ms) [Parameters=[@__cityId_0='?'], CommandType='Text', CommandTimeout='30']
SELECT [c.pointOfInterest].[Id], [c.pointOfInterest].[CityId], [c.pointOfInterest].[Description], [c.pointOfInterest].[Name]
FROM [PointsOfInterest] AS [c.pointOfInterest]
INNER JOIN (
    SELECT TOP(1) [c0].[Id]
    FROM [Cities] AS [c0]
    WHERE [c0].[Id] = @__cityId_0
    ORDER BY [c0].[Id]
) AS [t] ON [c.pointOfInterest].[CityId] = [t].[Id]
ORDER BY [t].[Id]
2017-11-30 08:12:01.8492|INFO|Microsoft.AspNetCore.Mvc.Internal.ObjectResultExecutor|Executing ObjectResult, writing value Microsoft.AspNetCore.Mvc.ControllerContext.
2017-11-30 08:12:01.8492|INFO|Microsoft.AspNetCore.Mvc.Internal.ControllerActionInvoker|Executed action CityInfo.API.Controllers.CitiesController.GetCity (CityInfo) in 20.9481ms
2017-11-30 08:12:01.8492|INFO|Microsoft.AspNetCore.Hosting.Internal.WebHost|Request finished in 25.1469ms 200 application/json; charset=utf-8
2017-11-30 08:14:15.8436|INFO|Microsoft.EntityFrameworkCore.Database.Command|Executed DbCommand (1ms) [Parameters=[], CommandType='Text', CommandTimeout='30']
SELECT CASE
    WHEN EXISTS (
        SELECT 1
        FROM [Cities] AS [c])
    THEN CAST(1 AS BIT) ELSE CAST(0 AS BIT)
END
2017-11-30 08:14:20.6321|INFO|Microsoft.AspNetCore.Hosting.Internal.WebHost|Request starting HTTP/1.1 GET http://localhost:5000/  
2017-11-30 08:14:21.1901|INFO|Microsoft.AspNetCore.Hosting.Internal.WebHost|Request finished in 369.6086ms 404 text/plain
2017-11-30 08:14:26.0476|INFO|Microsoft.AspNetCore.Hosting.Internal.WebHost|Request starting HTTP/1.1 GET http://localhost:5000/api/cities/2?includePointsOfInterest=true  
2017-11-30 08:14:26.1856|INFO|Microsoft.EntityFrameworkCore.Infrastructure|Entity Framework Core 2.0.1-rtm-125 initialized 'CityInfoContext' using provider 'Microsoft.EntityFrameworkCore.SqlServer' with options: None
2017-11-30 08:14:26.2136|INFO|Microsoft.EntityFrameworkCore.Database.Command|Executed DbCommand (1ms) [Parameters=[], CommandType='Text', CommandTimeout='30']
SELECT OBJECT_ID(N'__EFMigrationsHistory');
2017-11-30 08:14:26.2336|INFO|Microsoft.EntityFrameworkCore.Database.Command|Executed DbCommand (1ms) [Parameters=[], CommandType='Text', CommandTimeout='30']
SELECT OBJECT_ID(N'__EFMigrationsHistory');
2017-11-30 08:14:26.2466|INFO|Microsoft.EntityFrameworkCore.Database.Command|Executed DbCommand (1ms) [Parameters=[], CommandType='Text', CommandTimeout='30']
SELECT [MigrationId], [ProductVersion]
FROM [__EFMigrationsHistory]
ORDER BY [MigrationId];
2017-11-30 08:14:26.2556|INFO|Microsoft.EntityFrameworkCore.Migrations|No migrations were applied. The database is already up to date.
2017-11-30 08:14:26.2986|INFO|Microsoft.AspNetCore.Mvc.Internal.ControllerActionInvoker|Executing action method CityInfo.API.Controllers.CitiesController.GetCity (CityInfo) with arguments (2, True) - ModelState is Valid
2017-11-30 08:14:35.0975|INFO|Microsoft.EntityFrameworkCore.Database.Command|Executed DbCommand (92ms) [Parameters=[@__cityId_0='?'], CommandType='Text', CommandTimeout='30']
SELECT TOP(1) [c].[Id], [c].[Description], [c].[Name]
FROM [Cities] AS [c]
WHERE [c].[Id] = @__cityId_0
ORDER BY [c].[Id]
2017-11-30 08:14:35.1805|INFO|Microsoft.EntityFrameworkCore.Database.Command|Executed DbCommand (1ms) [Parameters=[@__cityId_0='?'], CommandType='Text', CommandTimeout='30']
SELECT [c.pointOfInterest].[Id], [c.pointOfInterest].[CityId], [c.pointOfInterest].[Description], [c.pointOfInterest].[Name]
FROM [PointsOfInterest] AS [c.pointOfInterest]
INNER JOIN (
    SELECT TOP(1) [c0].[Id]
    FROM [Cities] AS [c0]
    WHERE [c0].[Id] = @__cityId_0
    ORDER BY [c0].[Id]
) AS [t] ON [c.pointOfInterest].[CityId] = [t].[Id]
ORDER BY [t].[Id]
2017-11-30 08:24:05.1925|INFO|Microsoft.EntityFrameworkCore.Database.Command|Executed DbCommand (1ms) [Parameters=[], CommandType='Text', CommandTimeout='30']
SELECT CASE
    WHEN EXISTS (
        SELECT 1
        FROM [Cities] AS [c])
    THEN CAST(1 AS BIT) ELSE CAST(0 AS BIT)
END
2017-11-30 08:25:33.5164|INFO|Microsoft.AspNetCore.Hosting.Internal.WebHost|Request starting HTTP/1.1 GET http://localhost:5000/api/cities/2?includePointsOfInterest=true  
2017-11-30 08:25:33.9654|INFO|Microsoft.EntityFrameworkCore.Infrastructure|Entity Framework Core 2.0.1-rtm-125 initialized 'CityInfoContext' using provider 'Microsoft.EntityFrameworkCore.SqlServer' with options: None
2017-11-30 08:25:33.9654|INFO|Microsoft.EntityFrameworkCore.Database.Command|Executed DbCommand (2ms) [Parameters=[], CommandType='Text', CommandTimeout='30']
SELECT OBJECT_ID(N'__EFMigrationsHistory');
2017-11-30 08:25:33.9654|INFO|Microsoft.EntityFrameworkCore.Database.Command|Executed DbCommand (1ms) [Parameters=[], CommandType='Text', CommandTimeout='30']
SELECT OBJECT_ID(N'__EFMigrationsHistory');
2017-11-30 08:25:33.9874|INFO|Microsoft.EntityFrameworkCore.Database.Command|Executed DbCommand (1ms) [Parameters=[], CommandType='Text', CommandTimeout='30']
SELECT [MigrationId], [ProductVersion]
FROM [__EFMigrationsHistory]
ORDER BY [MigrationId];
2017-11-30 08:25:33.9874|INFO|Microsoft.EntityFrameworkCore.Migrations|No migrations were applied. The database is already up to date.
2017-11-30 08:25:34.0404|INFO|Microsoft.AspNetCore.Mvc.Internal.ControllerActionInvoker|Executing action method CityInfo.API.Controllers.CitiesController.GetCity (CityInfo) with arguments (2, True) - ModelState is Valid
2017-11-30 08:25:34.3424|INFO|Microsoft.EntityFrameworkCore.Database.Command|Executed DbCommand (57ms) [Parameters=[@__cityId_0='?'], CommandType='Text', CommandTimeout='30']
SELECT TOP(1) [c].[Id], [c].[Description], [c].[Name]
FROM [Cities] AS [c]
WHERE [c].[Id] = @__cityId_0
ORDER BY [c].[Id]
2017-11-30 08:25:34.4035|INFO|Microsoft.EntityFrameworkCore.Database.Command|Executed DbCommand (4ms) [Parameters=[@__cityId_0='?'], CommandType='Text', CommandTimeout='30']
SELECT [c.PointsOfInterest].[Id], [c.PointsOfInterest].[CityId], [c.PointsOfInterest].[Description], [c.PointsOfInterest].[Name]
FROM [PointsOfInterest] AS [c.PointsOfInterest]
INNER JOIN (
    SELECT TOP(1) [c0].[Id]
    FROM [Cities] AS [c0]
    WHERE [c0].[Id] = @__cityId_0
    ORDER BY [c0].[Id]
) AS [t] ON [c.PointsOfInterest].[CityId] = [t].[Id]
ORDER BY [t].[Id]
2017-11-30 08:25:34.4795|INFO|Microsoft.AspNetCore.Mvc.Internal.ObjectResultExecutor|Executing ObjectResult, writing value Microsoft.AspNetCore.Mvc.ControllerContext.
2017-11-30 08:25:34.6925|INFO|Microsoft.AspNetCore.Mvc.Internal.ControllerActionInvoker|Executed action CityInfo.API.Controllers.CitiesController.GetCity (CityInfo) in 721.0018ms
2017-11-30 08:25:34.6995|INFO|Microsoft.AspNetCore.Hosting.Internal.WebHost|Request finished in 1183.1936ms 200 application/json; charset=utf-8
2017-11-30 08:27:22.9403|INFO|Microsoft.AspNetCore.Hosting.Internal.WebHost|Request starting HTTP/1.1 GET http://localhost:5000/api/cities/1?includePointsOfInterest=true  
2017-11-30 08:27:22.9573|INFO|Microsoft.EntityFrameworkCore.Infrastructure|Entity Framework Core 2.0.1-rtm-125 initialized 'CityInfoContext' using provider 'Microsoft.EntityFrameworkCore.SqlServer' with options: None
2017-11-30 08:27:22.9573|INFO|Microsoft.EntityFrameworkCore.Database.Command|Executed DbCommand (1ms) [Parameters=[], CommandType='Text', CommandTimeout='30']
SELECT OBJECT_ID(N'__EFMigrationsHistory');
2017-11-30 08:27:22.9573|INFO|Microsoft.EntityFrameworkCore.Database.Command|Executed DbCommand (1ms) [Parameters=[], CommandType='Text', CommandTimeout='30']
SELECT OBJECT_ID(N'__EFMigrationsHistory');
2017-11-30 08:27:22.9663|INFO|Microsoft.EntityFrameworkCore.Database.Command|Executed DbCommand (1ms) [Parameters=[], CommandType='Text', CommandTimeout='30']
SELECT [MigrationId], [ProductVersion]
FROM [__EFMigrationsHistory]
ORDER BY [MigrationId];
2017-11-30 08:27:22.9663|INFO|Microsoft.EntityFrameworkCore.Migrations|No migrations were applied. The database is already up to date.
2017-11-30 08:27:22.9663|INFO|Microsoft.AspNetCore.Mvc.Internal.ControllerActionInvoker|Executing action method CityInfo.API.Controllers.CitiesController.GetCity (CityInfo) with arguments (1, True) - ModelState is Valid
2017-11-30 08:27:22.9663|INFO|Microsoft.EntityFrameworkCore.Database.Command|Executed DbCommand (1ms) [Parameters=[@__cityId_0='?'], CommandType='Text', CommandTimeout='30']
SELECT TOP(1) [c].[Id], [c].[Description], [c].[Name]
FROM [Cities] AS [c]
WHERE [c].[Id] = @__cityId_0
ORDER BY [c].[Id]
2017-11-30 08:27:22.9663|INFO|Microsoft.EntityFrameworkCore.Database.Command|Executed DbCommand (1ms) [Parameters=[@__cityId_0='?'], CommandType='Text', CommandTimeout='30']
SELECT [c.PointsOfInterest].[Id], [c.PointsOfInterest].[CityId], [c.PointsOfInterest].[Description], [c.PointsOfInterest].[Name]
FROM [PointsOfInterest] AS [c.PointsOfInterest]
INNER JOIN (
    SELECT TOP(1) [c0].[Id]
    FROM [Cities] AS [c0]
    WHERE [c0].[Id] = @__cityId_0
    ORDER BY [c0].[Id]
) AS [t] ON [c.PointsOfInterest].[CityId] = [t].[Id]
ORDER BY [t].[Id]
2017-11-30 08:27:22.9663|INFO|Microsoft.AspNetCore.Mvc.Internal.ObjectResultExecutor|Executing ObjectResult, writing value Microsoft.AspNetCore.Mvc.ControllerContext.
2017-11-30 08:27:22.9813|INFO|Microsoft.AspNetCore.Mvc.Internal.ControllerActionInvoker|Executed action CityInfo.API.Controllers.CitiesController.GetCity (CityInfo) in 25.4794ms
2017-11-30 08:27:22.9813|INFO|Microsoft.AspNetCore.Hosting.Internal.WebHost|Request finished in 41.9271ms 200 application/json; charset=utf-8
